Warning[205] C:\USERS\MIGUE\MPLABXPROJECTS\PROYECTO FINAL 1.X\MAIN.ASM 7 : Found directive in column 1. (UDATA_ACS)
Warning[207] C:\USERS\MIGUE\MPLABXPROJECTS\PROYECTO FINAL 1.X\MAIN.ASM 9 : Found label after column 1. (tabram)
Warning[207] C:\USERS\MIGUE\MPLABXPROJECTS\PROYECTO FINAL 1.X\MAIN.ASM 11 : Found label after column 1. (controlador_de_lectura)
Warning[207] C:\USERS\MIGUE\MPLABXPROJECTS\PROYECTO FINAL 1.X\MAIN.ASM 12 : Found label after column 1. (contador_de_posicion_de_dato)
Warning[207] C:\USERS\MIGUE\MPLABXPROJECTS\PROYECTO FINAL 1.X\MAIN.ASM 14 : Found label after column 1. (aux)
Warning[207] C:\USERS\MIGUE\MPLABXPROJECTS\PROYECTO FINAL 1.X\MAIN.ASM 15 : Found label after column 1. (aux_de_verificacion)
Warning[207] C:\USERS\MIGUE\MPLABXPROJECTS\PROYECTO FINAL 1.X\MAIN.ASM 17 : Found label after column 1. (aux_numero)
Warning[207] C:\USERS\MIGUE\MPLABXPROJECTS\PROYECTO FINAL 1.X\MAIN.ASM 18 : Found label after column 1. (var3)
Warning[207] C:\USERS\MIGUE\MPLABXPROJECTS\PROYECTO FINAL 1.X\MAIN.ASM 21 : Found label after column 1. (operador)
Warning[207] C:\USERS\MIGUE\MPLABXPROJECTS\PROYECTO FINAL 1.X\MAIN.ASM 23 : Found label after column 1. (aux_sig0)
Warning[207] C:\USERS\MIGUE\MPLABXPROJECTS\PROYECTO FINAL 1.X\MAIN.ASM 24 : Found label after column 1. (aux_sig1)
Warning[207] C:\USERS\MIGUE\MPLABXPROJECTS\PROYECTO FINAL 1.X\MAIN.ASM 26 : Found label after column 1. (aux_add0)
Warning[207] C:\USERS\MIGUE\MPLABXPROJECTS\PROYECTO FINAL 1.X\MAIN.ASM 27 : Found label after column 1. (aux_add1)
Warning[207] C:\USERS\MIGUE\MPLABXPROJECTS\PROYECTO FINAL 1.X\MAIN.ASM 29 : Found label after column 1. (cont_sum0)
Warning[207] C:\USERS\MIGUE\MPLABXPROJECTS\PROYECTO FINAL 1.X\MAIN.ASM 30 : Found label after column 1. (cont_sum1)
Warning[207] C:\USERS\MIGUE\MPLABXPROJECTS\PROYECTO FINAL 1.X\MAIN.ASM 31 : Found label after column 1. (cont_sum2)
Warning[207] C:\USERS\MIGUE\MPLABXPROJECTS\PROYECTO FINAL 1.X\MAIN.ASM 32 : Found label after column 1. (cont_guar)
Warning[207] C:\USERS\MIGUE\MPLABXPROJECTS\PROYECTO FINAL 1.X\MAIN.ASM 33 : Found label after column 1. (aux_llenado)
Warning[207] C:\USERS\MIGUE\MPLABXPROJECTS\PROYECTO FINAL 1.X\MAIN.ASM 34 : Found label after column 1. (aux_multiplo)
Warning[207] C:\USERS\MIGUE\MPLABXPROJECTS\PROYECTO FINAL 1.X\MAIN.ASM 35 : Found label after column 1. (aux_multiplo0)
Warning[207] C:\USERS\MIGUE\MPLABXPROJECTS\PROYECTO FINAL 1.X\MAIN.ASM 37 : Found label after column 1. (con_de_carry)
Warning[207] C:\USERS\MIGUE\MPLABXPROJECTS\PROYECTO FINAL 1.X\MAIN.ASM 38 : Found label after column 1. (carry)
Warning[207] C:\USERS\MIGUE\MPLABXPROJECTS\PROYECTO FINAL 1.X\MAIN.ASM 40 : Found label after column 1. (aux_comp0)
Warning[207] C:\USERS\MIGUE\MPLABXPROJECTS\PROYECTO FINAL 1.X\MAIN.ASM 41 : Found label after column 1. (aux_comp1)
Warning[207] C:\USERS\MIGUE\MPLABXPROJECTS\PROYECTO FINAL 1.X\MAIN.ASM 43 : Found label after column 1. (ind_comp0)
Warning[207] C:\USERS\MIGUE\MPLABXPROJECTS\PROYECTO FINAL 1.X\MAIN.ASM 44 : Found label after column 1. (ind_comp1)
Warning[207] C:\USERS\MIGUE\MPLABXPROJECTS\PROYECTO FINAL 1.X\MAIN.ASM 46 : Found label after column 1. (minuendo)
Warning[207] C:\USERS\MIGUE\MPLABXPROJECTS\PROYECTO FINAL 1.X\MAIN.ASM 47 : Found label after column 1. (sustraendo)
Warning[207] C:\USERS\MIGUE\MPLABXPROJECTS\PROYECTO FINAL 1.X\MAIN.ASM 48 : Found label after column 1. (aux_de_casos)
Warning[207] C:\USERS\MIGUE\MPLABXPROJECTS\PROYECTO FINAL 1.X\MAIN.ASM 50 : Found label after column 1. (aux_dec)
Warning[207] C:\USERS\MIGUE\MPLABXPROJECTS\PROYECTO FINAL 1.X\MAIN.ASM 51 : Found label after column 1. (result)
Warning[207] C:\USERS\MIGUE\MPLABXPROJECTS\PROYECTO FINAL 1.X\MAIN.ASM 52 : Found label after column 1. (post_res)
Warning[207] C:\USERS\MIGUE\MPLABXPROJECTS\PROYECTO FINAL 1.X\MAIN.ASM 55 : Found label after column 1. (mult0)
Warning[207] C:\USERS\MIGUE\MPLABXPROJECTS\PROYECTO FINAL 1.X\MAIN.ASM 56 : Found label after column 1. (mult1)
Warning[207] C:\USERS\MIGUE\MPLABXPROJECTS\PROYECTO FINAL 1.X\MAIN.ASM 57 : Found label after column 1. (multiplo)
Warning[207] C:\USERS\MIGUE\MPLABXPROJECTS\PROYECTO FINAL 1.X\MAIN.ASM 58 : Found label after column 1. (multiplo0)
Warning[207] C:\USERS\MIGUE\MPLABXPROJECTS\PROYECTO FINAL 1.X\MAIN.ASM 59 : Found label after column 1. (resmul)
Warning[207] C:\USERS\MIGUE\MPLABXPROJECTS\PROYECTO FINAL 1.X\MAIN.ASM 60 : Found label after column 1. (control_llenado_mul)
Warning[207] C:\USERS\MIGUE\MPLABXPROJECTS\PROYECTO FINAL 1.X\MAIN.ASM 62 : Found label after column 1. (contador)
Warning[207] C:\USERS\MIGUE\MPLABXPROJECTS\PROYECTO FINAL 1.X\MAIN.ASM 65 : Found label after column 1. (DELAY1)
Warning[207] C:\USERS\MIGUE\MPLABXPROJECTS\PROYECTO FINAL 1.X\MAIN.ASM 66 : Found label after column 1. (DELAY2)
Warning[207] C:\USERS\MIGUE\MPLABXPROJECTS\PROYECTO FINAL 1.X\MAIN.ASM 67 : Found label after column 1. (DELAY3)
Warning[207] C:\USERS\MIGUE\MPLABXPROJECTS\PROYECTO FINAL 1.X\MAIN.ASM 68 : Found label after column 1. (DELAY4)
Warning[207] C:\USERS\MIGUE\MPLABXPROJECTS\PROYECTO FINAL 1.X\MAIN.ASM 71 : Found label after column 1. (tabresult)
Warning[207] C:\USERS\MIGUE\MPLABXPROJECTS\PROYECTO FINAL 1.X\MAIN.ASM 73 : Found label after column 1. (_TRISA)
Warning[207] C:\USERS\MIGUE\MPLABXPROJECTS\PROYECTO FINAL 1.X\MAIN.ASM 74 : Found label after column 1. (_TRISB)
Warning[203] C:\USERS\MIGUE\MPLABXPROJECTS\PROYECTO FINAL 1.X\MAIN.ASM 212 : Found opcode in column 1. (RETURN)
Warning[203] C:\USERS\MIGUE\MPLABXPROJECTS\PROYECTO FINAL 1.X\MAIN.ASM 230 : Found opcode in column 1. (RETURN)
Warning[203] C:\USERS\MIGUE\MPLABXPROJECTS\PROYECTO FINAL 1.X\MAIN.ASM 254 : Found opcode in column 1. (RETURN)
