Warning[205] C:\USERS\MIGUE\MPLABXPROJECTS\PROYECTO FINAL 1.X\MAIN.ASM 6 : Found directive in column 1. (UDATA_ACS)
Warning[207] C:\USERS\MIGUE\MPLABXPROJECTS\PROYECTO FINAL 1.X\MAIN.ASM 8 : Found label after column 1. (tabram)
Warning[207] C:\USERS\MIGUE\MPLABXPROJECTS\PROYECTO FINAL 1.X\MAIN.ASM 10 : Found label after column 1. (controlador_de_lectura)
Warning[207] C:\USERS\MIGUE\MPLABXPROJECTS\PROYECTO FINAL 1.X\MAIN.ASM 11 : Found label after column 1. (contador_de_posicion_de_dato)
Warning[207] C:\USERS\MIGUE\MPLABXPROJECTS\PROYECTO FINAL 1.X\MAIN.ASM 13 : Found label after column 1. (aux)
Warning[207] C:\USERS\MIGUE\MPLABXPROJECTS\PROYECTO FINAL 1.X\MAIN.ASM 14 : Found label after column 1. (aux_de_verificacion)
Warning[207] C:\USERS\MIGUE\MPLABXPROJECTS\PROYECTO FINAL 1.X\MAIN.ASM 16 : Found label after column 1. (aux_numero)
Warning[207] C:\USERS\MIGUE\MPLABXPROJECTS\PROYECTO FINAL 1.X\MAIN.ASM 17 : Found label after column 1. (var3)
Warning[207] C:\USERS\MIGUE\MPLABXPROJECTS\PROYECTO FINAL 1.X\MAIN.ASM 20 : Found label after column 1. (operador)
Warning[207] C:\USERS\MIGUE\MPLABXPROJECTS\PROYECTO FINAL 1.X\MAIN.ASM 22 : Found label after column 1. (aux_sig0)
Warning[207] C:\USERS\MIGUE\MPLABXPROJECTS\PROYECTO FINAL 1.X\MAIN.ASM 23 : Found label after column 1. (aux_sig1)
Warning[207] C:\USERS\MIGUE\MPLABXPROJECTS\PROYECTO FINAL 1.X\MAIN.ASM 25 : Found label after column 1. (aux_add0)
Warning[207] C:\USERS\MIGUE\MPLABXPROJECTS\PROYECTO FINAL 1.X\MAIN.ASM 26 : Found label after column 1. (aux_add1)
Warning[207] C:\USERS\MIGUE\MPLABXPROJECTS\PROYECTO FINAL 1.X\MAIN.ASM 28 : Found label after column 1. (cont_sum0)
Warning[207] C:\USERS\MIGUE\MPLABXPROJECTS\PROYECTO FINAL 1.X\MAIN.ASM 29 : Found label after column 1. (cont_sum1)
Warning[207] C:\USERS\MIGUE\MPLABXPROJECTS\PROYECTO FINAL 1.X\MAIN.ASM 30 : Found label after column 1. (cont_sum2)
Warning[207] C:\USERS\MIGUE\MPLABXPROJECTS\PROYECTO FINAL 1.X\MAIN.ASM 31 : Found label after column 1. (cont_guar)
Warning[207] C:\USERS\MIGUE\MPLABXPROJECTS\PROYECTO FINAL 1.X\MAIN.ASM 32 : Found label after column 1. (aux_llenado)
Warning[207] C:\USERS\MIGUE\MPLABXPROJECTS\PROYECTO FINAL 1.X\MAIN.ASM 34 : Found label after column 1. (con_de_carry)
Warning[207] C:\USERS\MIGUE\MPLABXPROJECTS\PROYECTO FINAL 1.X\MAIN.ASM 35 : Found label after column 1. (carry)
Warning[207] C:\USERS\MIGUE\MPLABXPROJECTS\PROYECTO FINAL 1.X\MAIN.ASM 37 : Found label after column 1. (aux_comp0)
Warning[207] C:\USERS\MIGUE\MPLABXPROJECTS\PROYECTO FINAL 1.X\MAIN.ASM 38 : Found label after column 1. (aux_comp1)
Warning[207] C:\USERS\MIGUE\MPLABXPROJECTS\PROYECTO FINAL 1.X\MAIN.ASM 40 : Found label after column 1. (ind_comp0)
Warning[207] C:\USERS\MIGUE\MPLABXPROJECTS\PROYECTO FINAL 1.X\MAIN.ASM 41 : Found label after column 1. (ind_comp1)
Warning[207] C:\USERS\MIGUE\MPLABXPROJECTS\PROYECTO FINAL 1.X\MAIN.ASM 43 : Found label after column 1. (minuendo)
Warning[207] C:\USERS\MIGUE\MPLABXPROJECTS\PROYECTO FINAL 1.X\MAIN.ASM 44 : Found label after column 1. (sustraendo)
Warning[207] C:\USERS\MIGUE\MPLABXPROJECTS\PROYECTO FINAL 1.X\MAIN.ASM 45 : Found label after column 1. (aux_de_casos)
Warning[207] C:\USERS\MIGUE\MPLABXPROJECTS\PROYECTO FINAL 1.X\MAIN.ASM 47 : Found label after column 1. (aux_dec)
Warning[207] C:\USERS\MIGUE\MPLABXPROJECTS\PROYECTO FINAL 1.X\MAIN.ASM 48 : Found label after column 1. (result)
Warning[207] C:\USERS\MIGUE\MPLABXPROJECTS\PROYECTO FINAL 1.X\MAIN.ASM 49 : Found label after column 1. (post_res)
Warning[207] C:\USERS\MIGUE\MPLABXPROJECTS\PROYECTO FINAL 1.X\MAIN.ASM 51 : Found label after column 1. (tabresult)
Warning[207] C:\USERS\MIGUE\MPLABXPROJECTS\PROYECTO FINAL 1.X\MAIN.ASM 53 : Found label after column 1. (_TRISA)
Warning[207] C:\USERS\MIGUE\MPLABXPROJECTS\PROYECTO FINAL 1.X\MAIN.ASM 54 : Found label after column 1. (_TRISB)
Warning[203] C:\USERS\MIGUE\MPLABXPROJECTS\PROYECTO FINAL 1.X\MAIN.ASM 186 : Found opcode in column 1. (RETURN)
Warning[203] C:\USERS\MIGUE\MPLABXPROJECTS\PROYECTO FINAL 1.X\MAIN.ASM 204 : Found opcode in column 1. (RETURN)
Warning[203] C:\USERS\MIGUE\MPLABXPROJECTS\PROYECTO FINAL 1.X\MAIN.ASM 228 : Found opcode in column 1. (RETURN)
